[2026-05-31T19:01:18.990Z] Transcribing voiceover through ViteVid (1703.48s expected)...
[2026-05-31T19:01:49.746Z] Transcribed 4576 words with Deepgram provider; timing duration 1703.48s.
[2026-05-31T19:01:49.759Z] Built 639 scenes from word timings. Target duration 1703.48s.
[2026-05-31T19:01:49.764Z] Planning 639 voice-timed scenes with niche-aware video keywords...
[2026-05-31T19:02:11.783Z] Planning batch 1 failed, switching remaining scenes to deterministic keyword planning: This operation was aborted
[2026-05-31T19:02:11.784Z] Planned 12/639 scenes.
[2026-05-31T19:02:11.786Z] Planned 24/639 scenes.
[2026-05-31T19:02:11.786Z] Planned 36/639 scenes.
[2026-05-31T19:02:11.787Z] Planned 48/639 scenes.
[2026-05-31T19:02:11.787Z] Planned 60/639 scenes.
[2026-05-31T19:02:11.788Z] Planned 72/639 scenes.
[2026-05-31T19:02:11.788Z] Planned 84/639 scenes.
[2026-05-31T19:02:11.789Z] Planned 96/639 scenes.
[2026-05-31T19:02:11.789Z] Planned 108/639 scenes.
[2026-05-31T19:02:11.789Z] Planned 120/639 scenes.
[2026-05-31T19:02:11.790Z] Planned 132/639 scenes.
[2026-05-31T19:02:11.790Z] Planned 144/639 scenes.
[2026-05-31T19:02:11.791Z] Planned 156/639 scenes.
[2026-05-31T19:02:11.791Z] Planned 168/639 scenes.
[2026-05-31T19:02:11.791Z] Planned 180/639 scenes.
[2026-05-31T19:02:11.792Z] Planned 192/639 scenes.
[2026-05-31T19:02:11.792Z] Planned 204/639 scenes.
[2026-05-31T19:02:11.793Z] Planned 216/639 scenes.
[2026-05-31T19:02:11.793Z] Planned 228/639 scenes.
[2026-05-31T19:02:11.794Z] Planned 240/639 scenes.
[2026-05-31T19:02:11.794Z] Planned 252/639 scenes.
[2026-05-31T19:02:11.795Z] Planned 264/639 scenes.
[2026-05-31T19:02:11.796Z] Planned 276/639 scenes.
[2026-05-31T19:02:11.796Z] Planned 288/639 scenes.
[2026-05-31T19:02:11.797Z] Planned 300/639 scenes.
[2026-05-31T19:02:11.797Z] Planned 312/639 scenes.
[2026-05-31T19:02:11.797Z] Planned 324/639 scenes.
[2026-05-31T19:02:11.798Z] Planned 336/639 scenes.
[2026-05-31T19:02:11.798Z] Planned 348/639 scenes.
[2026-05-31T19:02:11.799Z] Planned 360/639 scenes.
[2026-05-31T19:02:11.799Z] Planned 372/639 scenes.
[2026-05-31T19:02:11.799Z] Planned 384/639 scenes.
[2026-05-31T19:02:11.800Z] Planned 396/639 scenes.
[2026-05-31T19:02:11.800Z] Planned 408/639 scenes.
[2026-05-31T19:02:11.801Z] Planned 420/639 scenes.
[2026-05-31T19:02:11.801Z] Planned 432/639 scenes.
[2026-05-31T19:02:11.802Z] Planned 444/639 scenes.
[2026-05-31T19:02:11.802Z] Planned 456/639 scenes.
[2026-05-31T19:02:11.803Z] Planned 468/639 scenes.
[2026-05-31T19:02:11.803Z] Planned 480/639 scenes.
[2026-05-31T19:02:11.804Z] Planned 492/639 scenes.
[2026-05-31T19:02:11.804Z] Planned 504/639 scenes.
[2026-05-31T19:02:11.805Z] Planned 516/639 scenes.
[2026-05-31T19:02:11.805Z] Planned 528/639 scenes.
[2026-05-31T19:02:11.806Z] Planned 540/639 scenes.
[2026-05-31T19:02:11.806Z] Planned 552/639 scenes.
[2026-05-31T19:02:11.806Z] Planned 564/639 scenes.
[2026-05-31T19:02:11.807Z] Planned 576/639 scenes.
[2026-05-31T19:02:11.807Z] Planned 588/639 scenes.
[2026-05-31T19:02:11.807Z] Planned 600/639 scenes.
[2026-05-31T19:02:11.808Z] Planned 612/639 scenes.
[2026-05-31T19:02:11.808Z] Planned 624/639 scenes.
[2026-05-31T19:02:11.809Z] Planned 636/639 scenes.
[2026-05-31T19:02:11.809Z] Planned 639/639 scenes.
[2026-05-31T19:02:11.810Z] Matching video assets for 639 scenes with 8 workers...
[2026-05-31T19:02:21.328Z] Matched 20/639 scenes.
[2026-05-31T19:02:44.190Z] Matched 40/639 scenes.
[2026-05-31T19:02:54.224Z] Matched 60/639 scenes.
[2026-05-31T19:03:09.417Z] Matched 80/639 scenes.
[2026-05-31T19:03:27.396Z] Matched 100/639 scenes.
[2026-05-31T19:03:51.244Z] Matched 120/639 scenes.
[2026-05-31T19:04:16.301Z] Matched 140/639 scenes.
[2026-05-31T19:04:43.334Z] Matched 160/639 scenes.
[2026-05-31T19:05:03.159Z] Matched 180/639 scenes.
[2026-05-31T19:05:20.201Z] Matched 200/639 scenes.
[2026-05-31T19:05:38.662Z] Matched 220/639 scenes.
[2026-05-31T19:06:03.285Z] Matched 240/639 scenes.
[2026-05-31T19:06:30.314Z] Matched 260/639 scenes.
[2026-05-31T19:06:50.362Z] Matched 280/639 scenes.
[2026-05-31T19:07:12.222Z] Matched 300/639 scenes.
[2026-05-31T19:07:38.281Z] Matched 320/639 scenes.
[2026-05-31T19:07:58.253Z] Matched 340/639 scenes.
[2026-05-31T19:08:13.335Z] Matched 360/639 scenes.
[2026-05-31T19:08:32.324Z] Matched 380/639 scenes.
[2026-05-31T19:08:52.372Z] Matched 400/639 scenes.
[2026-05-31T19:09:13.488Z] Matched 420/639 scenes.
[2026-05-31T19:09:39.825Z] Matched 440/639 scenes.
[2026-05-31T19:10:01.401Z] Matched 460/639 scenes.
[2026-05-31T19:10:21.228Z] Matched 480/639 scenes.
[2026-05-31T19:10:45.641Z] Matched 500/639 scenes.
[2026-05-31T19:11:08.228Z] Matched 520/639 scenes.
[2026-05-31T19:11:23.269Z] Matched 540/639 scenes.
[2026-05-31T19:11:42.329Z] Matched 560/639 scenes.
[2026-05-31T19:12:03.387Z] Matched 580/639 scenes.
[2026-05-31T19:12:24.853Z] Matched 600/639 scenes.
[2026-05-31T19:12:44.910Z] Matched 620/639 scenes.
[2026-05-31T19:13:04.976Z] Matched 639/639 scenes.
[2026-05-31T19:13:04.995Z] Media coverage complete: 639/639 scenes are video assets.
[2026-05-31T19:13:05.047Z] Rendering 1703.5s MP4 with 639 clips, 55 captions, 142 sound effects...
